<?xml version="1.0" encoding="UTF-8"?>
<testng-results skipped="0" failed="0" ignored="0" total="1" passed="1">
  <reporter-output>
    <line>
      <![CDATA[website launch test passed]]>
    </line>
  </reporter-output>
  <suite name="Suite" duration-ms="13706" started-at="2019-01-16T12:52:30Z" finished-at="2019-01-16T12:52:43Z">
    <groups>
    </groups>
    <test name="Test" duration-ms="13706" started-at="2019-01-16T12:52:30Z" finished-at="2019-01-16T12:52:43Z">
      <class name="pages.Homepage">
        <test-method status="PASS" signature="method()[pri:0, instance:pages.Homepage@68c4039c]" name="method" duration-ms="11334" started-at="2019-01-16T12:52:30Z" finished-at="2019-01-16T12:52:41Z">
          <reporter-output>
            <line>
              <![CDATA[website launch test passed]]>
            </line>
          </reporter-output>
        </test-method> <!-- method -->
        <test-method status="PASS" signature="method2()[pri:0, instance:pages.Homepage@68c4039c]" name="method2" is-config="true" duration-ms="2352" started-at="2019-01-16T12:52:41Z" finished-at="2019-01-16T12:52:43Z">
          <reporter-output>
          </reporter-output>
        </test-method> <!-- method2 -->
      </class> <!-- pages.Homepage -->
    </test> <!-- Test -->
  </suite> <!-- Suite -->
</testng-results>
